<?xml version="1.0" encoding="UTF-8"?>
<!-- Generated by org.testng.reporters.JUnitReportReporter -->
<testsuite hostname="LAPTOP-MJICGB1P" name="caseStudy1.readDataFromLoops" tests="1" failures="0" timestamp="18 Apr 2022 08:16:39 GMT" time="0.804" errors="0">
  <testcase name="testdata" time="0.804" classname="caseStudy1.readDataFromLoops"/>
</testsuite> <!-- caseStudy1.readDataFromLoops -->
