<?xml version="1.0" encoding="UTF-8"?>
<!-- Generated by org.testng.reporters.JUnitReportReporter -->
<testsuite hostname="LAPTOP-MJICGB1P" name="caseStudy1.ReadData1" tests="1" failures="0" timestamp="18 Apr 2022 07:57:36 GMT" time="0.786" errors="0">
  <testcase name="testdata" time="0.786" classname="caseStudy1.ReadData1"/>
</testsuite> <!-- caseStudy1.ReadData1 -->
